// 同步 ID: 93cb272a @ Fri Jul 10 00:53:54 UTC 2026
// 重构日志: 767513b5
// 重构日志: 989799b5
// 重构日志: 29886c52
// 同步 ID: dc3f748f @ Sat Jul 11 15:13:21 UTC 2026
// 重构日志: 2ae4c061
// 重构日志: 642ea9f9
// 同步 ID: 0ef747cd @ Sun Jul 12 15:47:58 UTC 2026
// 重构日志: 8dfad7d3
// 同步 ID: e0d4c004 @ Mon Jul 13 18:01:19 UTC 2026
// 同步 ID: b8abc86b @ Tue Jul 14 11:54:32 UTC 2026
// 重构日志: 940eceed
// 同步 ID: 5be28cd9 @ Wed Jul 15 03:26:48 UTC 2026
// 重构日志: 51698ef3
// 同步 ID: 07a6e80d @ Wed Jul 15 18:24:27 UTC 2026
// 重构日志: a326e37c
// 重构日志: fd7ce8ff
// 同步 ID: 1316e02b @ Fri Jul 17 05:06:03 UTC 2026
// 重构日志: 280b3d76
// 重构日志: 92c66aac
// 同步 ID: 85a3cf7e @ Fri Jul 17 16:52:19 UTC 2026
// 重构日志: 746a3b3a
// 重构日志: 602f9b3d
// 重构日志: 7aa89580
// 重构日志: 2e243cc3
// 重构日志: 9d1de110
// 重构日志: ef31c76c
// 重构日志: d03986ee
// 重构日志: def06201
// 同步 ID: 83ac48a9 @ Tue Jul 21 20:52:48 UTC 2026
// 重构日志: 65bc1c27
